# JRE version: Java(TM) SE Runtime Environment (8.0_202-b08) (build 1.8.0_202-b08)
# Java VM: Java HotSpot(TM) 64-Bit Server VM (25.202-b08 mixed mode windows-amd64 compressed oops)
Heap:
 PSYoungGen      total 215040K, used 18197K [0x000000072c500000, 0x000000073ab80000, 0x00000007c0000000)
  eden space 198144K, 9% used [0x000000072c500000,0x000000072d6c56a0,0x0000000738680000)
  from space 16896K, 0% used [0x0000000739b00000,0x0000000739b00000,0x000000073ab80000)
  to   space 18944K, 0% used [0x0000000738680000,0x0000000738680000,0x0000000739900000)
 ParOldGen       total 212992K, used 12694K [0x0000000604e00000, 0x0000000611e00000, 0x000000072c500000)
  object space 212992K, 5% used [0x0000000604e00000,0x0000000605a65b90,0x0000000611e00000)
 Metaspace       used 34584K, capacity 36535K, committed 36656K, reserved 1081344K
  class space    used 4702K, capacity 5086K, committed 5168K, reserved 1048576K
GC Heap History (10 events):
Event: 4.342 GC heap before
{Heap before GC invocations=2 (full 0):
 PSYoungGen      total 132608K, used 83500K [0x000000072c500000, 0x0000000735900000, 0x00000007c0000000)
  eden space 113664K, 64% used [0x000000072c500000,0x0000000730c7a340,0x0000000733400000)
  from space 18944K, 54% used [0x0000000733400000,0x0000000733e11038,0x0000000734680000)
  to   space 18944K, 0% used [0x0000000734680000,0x0000000734680000,0x0000000735900000)
 ParOldGen       total 303104K, used 16K [0x0000000604e00000, 0x0000000617600000, 0x000000072c500000)
  object space 303104K, 0% used [0x0000000604e00000,0x0000000604e04000,0x0000000617600000)
 Metaspace       used 20546K, capacity 21256K, committed 21296K, reserved 1067008K
  class space    used 2691K, capacity 2844K, committed 2864K, reserved 1048576K
Event: 4.350 GC heap after
Heap after GC invocations=2 (full 0):
 PSYoungGen      total 132608K, used 10228K [0x000000072c500000, 0x0000000735900000, 0x00000007c0000000)
  eden space 113664K, 0% used [0x000000072c500000,0x000000072c500000,0x0000000733400000)
  from space 18944K, 53% used [0x0000000734680000,0x000000073507d1e0,0x0000000735900000)
  to   space 18944K, 0% used [0x0000000733400000,0x0000000733400000,0x0000000734680000)
 ParOldGen       total 303104K, used 24K [0x0000000604e00000, 0x0000000617600000, 0x000000072c500000)
  object space 303104K, 0% used [0x0000000604e00000,0x0000000604e06000,0x0000000617600000)
 Metaspace       used 20546K, capacity 21256K, committed 21296K, reserved 1067008K
  class space    used 2691K, capacity 2844K, committed 2864K, reserved 1048576K
}
Event: 4.350 GC heap before
{Heap before GC invocations=3 (full 1):
 PSYoungGen      total 132608K, used 10228K [0x000000072c500000, 0x0000000735900000, 0x00000007c0000000)
  eden space 113664K, 0% used [0x000000072c500000,0x000000072c500000,0x0000000733400000)
  from space 18944K, 53% used [0x0000000734680000,0x000000073507d1e0,0x0000000735900000)
  to   space 18944K, 0% used [0x0000000733400000,0x0000000733400000,0x0000000734680000)
 ParOldGen       total 303104K, used 24K [0x0000000604e00000, 0x0000000617600000, 0x000000072c500000)
  object space 303104K, 0% used [0x0000000604e00000,0x0000000604e06000,0x0000000617600000)
 Metaspace       used 20546K, capacity 21256K, committed 21296K, reserved 1067008K
  class space    used 2691K, capacity 2844K, committed 2864K, reserved 1048576K
Event: 4.368 GC heap after
Heap after GC invocations=3 (full 1):
 PSYoungGen      total 132608K, used 0K [0x000000072c500000, 0x0000000735900000, 0x00000007c0000000)
  eden space 113664K, 0% used [0x000000072c500000,0x000000072c500000,0x0000000733400000)
  from space 18944K, 0% used [0x0000000734680000,0x0000000734680000,0x0000000735900000)
  to   space 18944K, 0% used [0x0000000733400000,0x0000000733400000,0x0000000734680000)
 ParOldGen       total 145920K, used 9585K [0x0000000604e00000, 0x000000060dc80000, 0x000000072c500000)
  object space 145920K, 6% used [0x0000000604e00000,0x000000060575c658,0x000000060dc80000)
 Metaspace       used 20546K, capacity 21256K, committed 21296K, reserved 1067008K
  class space    used 2691K, capacity 2844K, committed 2864K, reserved 1048576K
}
Event: 5.276 GC heap before
{Heap before GC invocations=4 (full 1):
 PSYoungGen      total 132608K, used 113664K [0x000000072c500000, 0x0000000735900000, 0x00000007c0000000)
  eden space 113664K, 100% used [0x000000072c500000,0x0000000733400000,0x0000000733400000)
  from space 18944K, 0% used [0x0000000734680000,0x0000000734680000,0x0000000735900000)
  to   space 18944K, 0% used [0x0000000733400000,0x0000000733400000,0x0000000734680000)
 ParOldGen       total 145920K, used 9585K [0x0000000604e00000, 0x000000060dc80000, 0x000000072c500000)
  object space 145920K, 6% used [0x0000000604e00000,0x000000060575c658,0x000000060dc80000)
 Metaspace       used 28663K, capacity 29900K, committed 30128K, reserved 1075200K
  class space    used 3946K, capacity 4182K, committed 4272K, reserved 1048576K
Event: 5.281 GC heap after
Heap after GC invocations=4 (full 1):
 PSYoungGen      total 132608K, used 10643K [0x000000072c500000, 0x000000073ad80000, 0x00000007c0000000)
  eden space 113664K, 0% used [0x000000072c500000,0x000000072c500000,0x0000000733400000)
  from space 18944K, 56% used [0x0000000733400000,0x0000000733e64f30,0x0000000734680000)
  to   space 18944K, 0% used [0x0000000739b00000,0x0000000739b00000,0x000000073ad80000)
 ParOldGen       total 145920K, used 9593K [0x0000000604e00000, 0x000000060dc80000, 0x000000072c500000)
  object space 145920K, 6% used [0x0000000604e00000,0x000000060575e658,0x000000060dc80000)
 Metaspace       used 28663K, capacity 29900K, committed 30128K, reserved 1075200K
  class space    used 3946K, capacity 4182K, committed 4272K, reserved 1048576K
}
Event: 5.929 GC heap before
{Heap before GC invocations=5 (full 1):
 PSYoungGen      total 132608K, used 68319K [0x000000072c500000, 0x000000073ad80000, 0x00000007c0000000)
  eden space 113664K, 50% used [0x000000072c500000,0x000000072fd52f38,0x0000000733400000)
  from space 18944K, 56% used [0x0000000733400000,0x0000000733e64f30,0x0000000734680000)
  to   space 18944K, 0% used [0x0000000739b00000,0x0000000739b00000,0x000000073ad80000)
 ParOldGen       total 145920K, used 9593K [0x0000000604e00000, 0x000000060dc80000, 0x000000072c500000)
  object space 145920K, 6% used [0x0000000604e00000,0x000000060575e658,0x000000060dc80000)
 Metaspace       used 33688K, capacity 35477K, committed 35496K, reserved 1079296K
  class space    used 4569K, capacity 4893K, committed 4912K, reserved 1048576K
Event: 5.935 GC heap after
Heap after GC invocations=5 (full 1):
 PSYoungGen      total 215040K, used 8442K [0x000000072c500000, 0x000000073ab80000, 0x00000007c0000000)
  eden space 198144K, 0% used [0x000000072c500000,0x000000072c500000,0x0000000738680000)
  from space 16896K, 49% used [0x0000000739b00000,0x000000073a33ebb8,0x000000073ab80000)
  to   space 18944K, 0% used [0x0000000738680000,0x0000000738680000,0x0000000739900000)
 ParOldGen       total 145920K, used 9601K [0x0000000604e00000, 0x000000060dc80000, 0x000000072c500000)
  object space 145920K, 6% used [0x0000000604e00000,0x0000000605760658,0x000000060dc80000)
 Metaspace       used 33688K, capacity 35477K, committed 35496K, reserved 1079296K
  class space    used 4569K, capacity 4893K, committed 4912K, reserved 1048576K
}
Event: 5.935 GC heap before
{Heap before GC invocations=6 (full 2):
 PSYoungGen      total 215040K, used 8442K [0x000000072c500000, 0x000000073ab80000, 0x00000007c0000000)
  eden space 198144K, 0% used [0x000000072c500000,0x000000072c500000,0x0000000738680000)
  from space 16896K, 49% used [0x0000000739b00000,0x000000073a33ebb8,0x000000073ab80000)
  to   space 18944K, 0% used [0x0000000738680000,0x0000000738680000,0x0000000739900000)
 ParOldGen       total 145920K, used 9601K [0x0000000604e00000, 0x000000060dc80000, 0x000000072c500000)
  object space 145920K, 6% used [0x0000000604e00000,0x0000000605760658,0x000000060dc80000)
 Metaspace       used 33688K, capacity 35477K, committed 35496K, reserved 1079296K
  class space    used 4569K, capacity 4893K, committed 4912K, reserved 1048576K
Event: 5.962 GC heap after
Heap after GC invocations=6 (full 2):
 PSYoungGen      total 215040K, used 0K [0x000000072c500000, 0x000000073ab80000, 0x00000007c0000000)
  eden space 198144K, 0% used [0x000000072c500000,0x000000072c500000,0x0000000738680000)
  from space 16896K, 0% used [0x0000000739b00000,0x0000000739b00000,0x000000073ab80000)
  to   space 18944K, 0% used [0x0000000738680000,0x0000000738680000,0x0000000739900000)
 ParOldGen       total 212992K, used 12694K [0x0000000604e00000, 0x0000000611e00000, 0x000000072c500000)
  object space 212992K, 5% used [0x0000000604e00000,0x0000000605a65b90,0x0000000611e00000)
 Metaspace       used 33688K, capacity 35477K, committed 35496K, reserved 1079296K
  class space    used 4569K, capacity 4893K, committed 4912K, reserved 1048576K
}

